  main.cpp
D:\laptop\D\WaterSimulation-master\main.cpp(62,41): warning C4838: conversion from 'const float' to 'int' requires a narrowing conversion
D:\laptop\D\WaterSimulation-master\main.cpp(62,41): warning C4244: 'initializing': conversion from 'const float' to 'int', possible loss of data
D:\laptop\D\WaterSimulation-master\main.cpp(62,58): warning C4838: conversion from 'const float' to 'int' requires a narrowing conversion
D:\laptop\D\WaterSimulation-master\main.cpp(62,58): warning C4244: 'initializing': conversion from 'const float' to 'int', possible loss of data
D:\laptop\D\WaterSimulation-master\main.cpp(62,75): warning C4838: conversion from 'const float' to 'int' requires a narrowing conversion
D:\laptop\D\WaterSimulation-master\main.cpp(62,75): warning C4244: 'initializing': conversion from 'const float' to 'int', possible loss of data
D:\laptop\D\WaterSimulation-master\main.cpp(62,92): warning C4838: conversion from 'const float' to 'int' requires a narrowing conversion
D:\laptop\D\WaterSimulation-master\main.cpp(62,92): warning C4244: 'initializing': conversion from 'const float' to 'int', possible loss of data
D:\laptop\D\WaterSimulation-master\main.cpp(98,12): warning C4244: 'argument': conversion from 'time_t' to 'unsigned int', possible loss of data
D:\laptop\D\WaterSimulation-master\main.cpp(124,45): warning C4244: '=': conversion from 'Sint32' to 'float', possible loss of data
D:\laptop\D\WaterSimulation-master\main.cpp(125,45): warning C4244: '=': conversion from 'Sint32' to 'float', possible loss of data
D:\laptop\D\WaterSimulation-master\main.cpp(126,37): warning C4244: '=': conversion from 'float' to 'int', possible loss of data
D:\laptop\D\WaterSimulation-master\main.cpp(127,37): warning C4244: '=': conversion from 'float' to 'int', possible loss of data
D:\laptop\D\WaterSimulation-master\main.cpp(148,38): warning C4244: '=': conversion from 'int' to 'float', possible loss of data
D:\laptop\D\WaterSimulation-master\main.cpp(149,36): warning C4244: '=': conversion from 'int' to 'float', possible loss of data
D:\laptop\D\WaterSimulation-master\main.cpp(153,43): warning C4244: '=': conversion from 'int' to 'float', possible loss of data
D:\laptop\D\WaterSimulation-master\main.cpp(154,36): warning C4244: '=': conversion from 'int' to 'float', possible loss of data
D:\laptop\D\WaterSimulation-master\main.cpp(158,38): warning C4244: '=': conversion from 'int' to 'float', possible loss of data
D:\laptop\D\WaterSimulation-master\main.cpp(159,36): warning C4244: '=': conversion from 'int' to 'float', possible loss of data
D:\laptop\D\WaterSimulation-master\main.cpp(163,43): warning C4244: '=': conversion from 'int' to 'float', possible loss of data
D:\laptop\D\WaterSimulation-master\main.cpp(164,36): warning C4244: '=': conversion from 'int' to 'float', possible loss of data
  Generating code
  Previous IPDB not found, fall back to full compilation.
  All 6 functions were compiled because no usable IPDB/IOBJ from previous compilation was found.
  Finished generating code
  WaterSimulation.vcxproj -> D:\laptop\D\WaterSimulation-master\Release\WaterSimulation.exe
